<?xml version="1.0" encoding="UTF-8"?>
<!-- Generated by org.testng.reporters.JUnitXMLReporter -->
<testsuite ignored="0" hostname="WPSR" failures="0" tests="6" name="Test" time="16.347" errors="0" timestamp="2023-06-29T15:42:33 IST">
  <testcase classname="practice.Annotation" name="verifyHomepageTitle" time="0.029"/>
  <testcase classname="practice.Annotation1" name="test1" time="0.002"/>
  <testcase classname="practice.Annotation1" name="test2" time="0.001"/>
  <testcase classname="practice.First_Test_Case" name="test1" time="0.002"/>
  <testcase classname="practice.First_Test_Case" name="test2" time="0.001"/>
  <testcase classname="practice.Assertions" name="test" time="9.856"/>
</testsuite> <!-- Test -->
