<?xml version="1.0" encoding="UTF-8"?>
<testng-results ignored="1" total="3" passed="2" failed="0" skipped="0">
  <reporter-output>
  </reporter-output>
  <suite started-at="2023-06-29T15:58:02 IST" name="Suite" finished-at="2023-06-29T15:58:14 IST" duration-ms="12026">
    <groups>
    </groups>
    <test started-at="2023-06-29T15:58:02 IST" name="Test1" finished-at="2023-06-29T15:58:02 IST" duration-ms="46">
      <class name="practice.Annotation1">
        <test-method is-config="true" signature="beforeTest()[pri:0, instance:practice.Annotation1@3bb9a3ff]" started-at="2023-06-29T15:58:02 IST" name="beforeTest" finished-at="2023-06-29T15:58:02 IST" duration-ms="3" status="PASS">
          <reporter-output>
          </reporter-output>
        </test-method> <!-- beforeTest -->
        <test-method is-config="true" signature="beforeClass()[pri:0, instance:practice.Annotation1@3bb9a3ff]" started-at="2023-06-29T15:58:02 IST" name="beforeClass" finished-at="2023-06-29T15:58:02 IST" duration-ms="1" status="PASS">
          <reporter-output>
          </reporter-output>
        </test-method> <!-- beforeClass -->
        <test-method is-config="true" signature="beforeMethod()[pri:0, instance:practice.Annotation1@3bb9a3ff]" started-at="2023-06-29T15:58:02 IST" name="beforeMethod" finished-at="2023-06-29T15:58:02 IST" duration-ms="1" status="PASS">
          <reporter-output>
          </reporter-output>
        </test-method> <!-- beforeMethod -->
        <test-method signature="test1()[pri:0, instance:practice.Annotation1@3bb9a3ff]" started-at="2023-06-29T15:58:02 IST" name="test1" finished-at="2023-06-29T15:58:02 IST" duration-ms="10" status="PASS">
          <reporter-output>
          </reporter-output>
        </test-method> <!-- test1 -->
        <test-method is-config="true" signature="afterMethod()[pri:0, instance:practice.Annotation1@3bb9a3ff]" started-at="2023-06-29T15:58:02 IST" name="afterMethod" finished-at="2023-06-29T15:58:02 IST" duration-ms="1" status="PASS">
          <reporter-output>
          </reporter-output>
        </test-method> <!-- afterMethod -->
        <test-method is-config="true" signature="afterClass()[pri:0, instance:practice.Annotation1@3bb9a3ff]" started-at="2023-06-29T15:58:02 IST" name="afterClass" finished-at="2023-06-29T15:58:02 IST" duration-ms="0" status="PASS">
          <reporter-output>
          </reporter-output>
        </test-method> <!-- afterClass -->
        <test-method is-config="true" signature="afterTest()[pri:0, instance:practice.Annotation1@3bb9a3ff]" started-at="2023-06-29T15:58:02 IST" name="afterTest" finished-at="2023-06-29T15:58:02 IST" duration-ms="0" status="PASS">
          <reporter-output>
          </reporter-output>
        </test-method> <!-- afterTest -->
      </class> <!-- practice.Annotation1 -->
    </test> <!-- Test1 -->
    <test started-at="2023-06-29T15:58:02 IST" name="Test2" finished-at="2023-06-29T15:58:14 IST" duration-ms="11891">
      <class name="practice.Assertions">
        <test-method signature="test()[pri:0, instance:practice.Assertions@4550bb58]" started-at="2023-06-29T15:58:02 IST" name="test" finished-at="2023-06-29T15:58:14 IST" duration-ms="11884" status="PASS">
          <reporter-output>
          </reporter-output>
        </test-method> <!-- test -->
      </class> <!-- practice.Assertions -->
      <class name="practice.Annotation1">
        <test-method is-config="true" signature="beforeSuite()[pri:0, instance:practice.Annotation1@3bb9a3ff]" started-at="2023-06-29T15:58:02 IST" name="beforeSuite" finished-at="2023-06-29T15:58:02 IST" duration-ms="7" status="PASS">
          <reporter-output>
          </reporter-output>
        </test-method> <!-- beforeSuite -->
        <test-method is-config="true" signature="afterSuite()[pri:0, instance:practice.Annotation1@3bb9a3ff]" started-at="2023-06-29T15:58:14 IST" name="afterSuite" finished-at="2023-06-29T15:58:14 IST" duration-ms="0" status="PASS">
          <reporter-output>
          </reporter-output>
        </test-method> <!-- afterSuite -->
      </class> <!-- practice.Annotation1 -->
    </test> <!-- Test2 -->
  </suite> <!-- Suite -->
</testng-results>
